2020-05-06 17:45:16,361 - udid - INFO - --> im_ex_count.addClipTime
2020-05-06 17:45:17,029 - udid - INFO - --> home_Page.click_edit_btn
2020-05-06 17:45:17,029 - udid - INFO - 点击视频剪辑
2020-05-06 17:45:19,012 - udid - INFO - 立刻升级页面已消除
2020-05-06 17:45:19,513 - udid - INFO - 开始添加镜头
2020-05-06 17:45:20,167 - udid - INFO - 点击下一步进入编辑页
2020-05-06 17:45:20,797 - udid - INFO - --> edit_page.is_preview_page
2020-05-06 17:45:22,952 - udid - INFO - 是否在预览页面，status=True
2020-05-06 17:45:22,952 - udid - INFO - --> im_ex_count.exportTime
2020-05-06 17:45:22,952 - udid - INFO - --> publish_page.click_export_btn
2020-05-06 17:45:22,952 - udid - INFO - 点击保存
2020-05-06 17:45:23,332 - udid - INFO - --> publish_page.select_export
2020-05-06 17:45:23,332 - udid - INFO - 点击480P导出
2020-05-06 17:45:31,698 - udid - INFO - --> im_ex_count.addClipTime
2020-05-06 17:45:32,241 - udid - INFO - --> home_Page.click_edit_btn
2020-05-06 17:45:32,241 - udid - INFO - 点击视频剪辑
2020-05-06 17:45:37,862 - udid - INFO - 立刻升级页面已消除
2020-05-06 17:45:38,366 - udid - INFO - 开始添加镜头
2020-05-06 17:45:39,066 - udid - INFO - 点击下一步进入编辑页
2020-05-06 17:45:39,574 - udid - INFO - --> edit_page.is_preview_page
2020-05-06 17:45:41,656 - udid - INFO - 是否在预览页面，status=True
2020-05-06 17:45:41,656 - udid - INFO - --> im_ex_count.exportTime
2020-05-06 17:45:41,656 - udid - INFO - --> publish_page.click_export_btn
2020-05-06 17:45:41,656 - udid - INFO - 点击保存
2020-05-06 17:45:42,094 - udid - INFO - --> publish_page.select_export
2020-05-06 17:45:42,094 - udid - INFO - 点击480P导出
2020-05-06 17:45:50,481 - udid - INFO - --> im_ex_count.addClipTime
2020-05-06 17:45:51,001 - udid - INFO - --> home_Page.click_edit_btn
2020-05-06 17:45:51,001 - udid - INFO - 点击视频剪辑
2020-05-06 17:45:58,565 - udid - INFO - 立刻升级页面已消除
2020-05-06 17:45:59,069 - udid - INFO - 开始添加镜头
2020-05-06 17:46:01,072 - udid - INFO - 点击下一步进入编辑页
2020-05-06 17:46:01,759 - udid - INFO - --> edit_page.is_preview_page
2020-05-06 17:46:04,133 - udid - INFO - 是否在预览页面，status=True
2020-05-06 17:46:04,133 - udid - INFO - --> im_ex_count.exportTime
2020-05-06 17:46:04,134 - udid - INFO - --> publish_page.click_export_btn
2020-05-06 17:46:04,134 - udid - INFO - 点击保存
2020-05-06 17:46:04,936 - udid - INFO - --> publish_page.select_export
2020-05-06 17:46:04,937 - udid - INFO - 点击720P导出
2020-05-06 17:46:14,641 - udid - INFO - --> im_ex_count.addClipTime
2020-05-06 17:46:15,166 - udid - INFO - --> home_Page.click_edit_btn
2020-05-06 17:46:15,166 - udid - INFO - 点击视频剪辑
2020-05-06 17:46:20,716 - udid - INFO - 立刻升级页面已消除
2020-05-06 17:46:21,221 - udid - INFO - 开始添加镜头
2020-05-06 17:46:21,973 - udid - INFO - 点击下一步进入编辑页
2020-05-06 17:46:22,756 - udid - INFO - --> edit_page.is_preview_page
2020-05-06 17:46:24,954 - udid - INFO - 是否在预览页面，status=True
2020-05-06 17:46:24,954 - udid - INFO - --> im_ex_count.exportTime
2020-05-06 17:46:24,954 - udid - INFO - --> publish_page.click_export_btn
2020-05-06 17:46:24,954 - udid - INFO - 点击保存
2020-05-06 17:46:25,411 - udid - INFO - --> publish_page.select_export
2020-05-06 17:46:25,411 - udid - INFO - 点击720P导出
